\BOOKMARK [1][-]{section.1}{\376\377\000Q\000u\000e\000s\000t\000i\000o\000n\000\040\000R\000e\000v\000i\000e\000w}{}% 1
\BOOKMARK [1][-]{section.2}{\376\377\000N\000-\000S\000\040\000S\000o\000l\000v\000e\000r}{}% 2
\BOOKMARK [2][-]{subsection.2.1}{\376\377\000D\000i\000s\000c\000r\000e\000t\000i\000z\000a\000t\000i\000o\000n\000\040\000o\000f\000\040\000N\000-\000S\000\040\000E\000q\000u\000a\000t\000i\000o\000n}{section.2}% 3
\BOOKMARK [3][-]{subsubsection.2.1.1}{\376\377\000S\000t\000e\000p\000\040\000\050\000I\000\051\000:}{subsection.2.1}% 4
\BOOKMARK [3][-]{subsubsection.2.1.2}{\376\377\000S\000t\000e\000p\000\040\000\050\000I\000I\000\051\000:}{subsection.2.1}% 5
\BOOKMARK [3][-]{subsubsection.2.1.3}{\376\377\000S\000t\000e\000p\000\040\000\050\000I\000I\000I\000\051\000:}{subsection.2.1}% 6
\BOOKMARK [3][-]{subsubsection.2.1.4}{\376\377\000L\000i\000n\000e\000S\000O\000R\000\040\000i\000m\000p\000l\000e\000m\000e\000n\000t\000a\000t\000i\000o\000n}{subsection.2.1}% 7
\BOOKMARK [2][-]{subsection.2.2}{\376\377\000I\000m\000m\000e\000r\000s\000e\000d\000\040\000B\000o\000u\000n\000d\000a\000r\000y\000\040\000M\000e\000t\000h\000o\000d}{section.2}% 8
\BOOKMARK [3][-]{subsubsection.2.2.1}{\376\377\000C\000o\000e\000f\000f\000i\000c\000i\000e\000n\000t\000\040\000C\000o\000r\000r\000e\000c\000t\000i\000o\000n}{subsection.2.2}% 9
\BOOKMARK [2][-]{subsection.2.3}{\376\377\000S\000o\000l\000v\000e\000r\000\040\000f\000i\000e\000l\000d\000\040\000S\000e\000t\000t\000i\000n\000g}{section.2}% 10
\BOOKMARK [2][-]{subsection.2.4}{\376\377\000S\000o\000l\000v\000e\000r\000\040\000A\000r\000c\000h\000i\000t\000e\000c\000t\000u\000r\000e}{section.2}% 11
\BOOKMARK [1][-]{section.3}{\376\377\000S\000o\000l\000v\000e\000r\000\040\000T\000e\000s\000t\000i\000n\000g\040\023\000U\000n\000i\000f\000o\000r\000m\000\040\000a\000n\000d\000\040\000C\000h\000a\000n\000n\000e\000l\000\040\000C\000a\000s\000e}{}% 12
\BOOKMARK [2][-]{subsection.3.1}{\376\377\000U\000n\000i\000f\000o\000r\000m\000\040\000f\000l\000o\000w}{section.3}% 13
\BOOKMARK [2][-]{subsection.3.2}{\376\377\000C\000h\000a\000n\000n\000e\000l\000\040\000F\000l\000o\000w}{section.3}% 14
\BOOKMARK [3][-]{subsubsection.3.2.1}{\376\377\000F\000l\000o\000w\000\040\000s\000e\000t\000t\000i\000n\000g}{subsection.3.2}% 15
\BOOKMARK [3][-]{subsubsection.3.2.2}{\376\377\000R\000e\000s\000u\000l\000t}{subsection.3.2}% 16
\BOOKMARK [3][-]{subsubsection.3.2.3}{\376\377\000C\000o\000m\000p\000a\000r\000i\000s\000o\000n\000\040\000w\000i\000t\000h\000\040\000t\000h\000e\000o\000r\000e\000t\000i\000c\000a\000l\000\040\000s\000o\000l\000u\000t\000i\000o\000n}{subsection.3.2}% 17
\BOOKMARK [1][-]{section.4}{\376\377\000R\000e\000=\0001\0005\0000\040\023\000C\000i\000r\000c\000u\000l\000a\000r\000\040\000c\000y\000l\000i\000n\000d\000e\000r\000\040\000i\000n\000\040\000a\000\040\000c\000r\000o\000s\000s\000-\000f\000l\000o\000w}{}% 18
\BOOKMARK [2][-]{subsection.4.1}{\376\377\000S\000e\000t\000t\000i\000n\000g\000s}{section.4}% 19
\BOOKMARK [2][-]{subsection.4.2}{\376\377\000R\000e\000s\000u\000l\000t\000\040\000a\000m\000o\000n\000g\000\040\000t\000i\000m\000e}{section.4}% 20
\BOOKMARK [3][-]{subsubsection.4.2.1}{\376\377\000t\000=\0001\0000\000\040\000a\000n\000d\000\040\000t\000=\0005\0000}{subsection.4.2}% 21
\BOOKMARK [3][-]{subsubsection.4.2.2}{\376\377\000t\000=\0005\0000\000\040\000a\000n\000d\000\040\000t\000=\0001\0000\0000}{subsection.4.2}% 22
\BOOKMARK [3][-]{subsubsection.4.2.3}{\376\377\000R\000e\000s\000u\000l\000t\000\040\000C\000o\000m\000p\000a\000r\000i\000s\000o\000n\000\040\000o\000f\000\040\000t\000i\000m\000e\000\040\000\050\000t\000=\0001\0000\000,\000\040\0005\0000\000,\000\040\000a\000n\000d\000\040\0001\0000\0000\000\051}{subsection.4.2}% 23
\BOOKMARK [2][-]{subsection.4.3}{\376\377\000R\000e\000=\0001\0005\0000\000\040\000R\000e\000s\000u\000l\000t\000\040\000V\000a\000l\000u\000e\000\040\000a\000n\000d\000\040\000C\000o\000m\000p\000a\000r\000i\000s\000o\000n}{section.4}% 24
\BOOKMARK [3][-]{subsubsection.4.3.1}{\376\377\000D\000r\000a\000g\000\040\000\050\000c\000D\000\051\000\040\000a\000n\000d\000\040\000L\000i\000f\000t\000\040\000\050\000c\000L\000\051\000\040\000c\000o\000e\000f\000f\000i\000c\000i\000e\000n\000t\000\051}{subsection.4.3}% 25
\BOOKMARK [3][-]{subsubsection.4.3.2}{\376\377\000V\000o\000r\000t\000e\000x\000\040\000S\000h\000e\000d\000d\000i\000n\000g\000\040\000f\000r\000e\000q\000u\000e\000n\000c\000y}{subsection.4.3}% 26
\BOOKMARK [3][-]{subsubsection.4.3.3}{\376\377\000R\000e\000s\000u\000l\000t\000\040\000v\000a\000l\000u\000e\000\040\000c\000o\000m\000p\000a\000r\000e\000\040\000w\000i\000t\000h\000\040\000l\000i\000t\000e\000r\000a\000t\000u\000r\000e}{subsection.4.3}% 27
\BOOKMARK [1][-]{section.5}{\376\377\000I\000n\000f\000l\000u\000e\000n\000c\000e\000\040\000o\000f\000\040\000D\000o\000m\000a\000i\000n\000\040\000S\000i\000z\000e\000:\000\040\000\040\0008\000\040\0004\000\040\000\040\000V\000S\000.\000\040\000\040\0008\000\040\0002\000\040}{}% 28
\BOOKMARK [2][-]{subsection.5.1}{\376\377\000R\000e\000s\000u\000l\000t\000\040\000C\000o\000m\000p\000a\000r\000i\000s\000o\000n\000\040\000a\000m\000o\000n\000g\000\040\000t\000i\000m\000e\000\040}{section.5}% 29
\BOOKMARK [3][-]{subsubsection.5.1.1}{\376\377\000t\000=\0005\0000\000\040\000a\000n\000d\000\040\000t\000=\0001\0000\0000\000\040\000c\000o\000m\000p\000a\000r\000i\000s\000o\000n}{subsection.5.1}% 30
\BOOKMARK [2][-]{subsection.5.2}{\376\377\000D\000r\000a\000g\000\040\000\050\000c\000D\000\051\000\040\000a\000n\000d\000\040\000L\000i\000f\000t\000\040\000\050\000c\000L\000\051\000\040\000c\000o\000e\000f\000f\000i\000c\000i\000e\000n\000t\000\051}{section.5}% 31
\BOOKMARK [3][-]{subsubsection.5.2.1}{\376\377\000V\000o\000r\000t\000e\000x\000\040\000S\000h\000e\000d\000d\000i\000n\000g\000\040\000f\000r\000e\000q\000u\000e\000n\000c\000y}{subsection.5.2}% 32
\BOOKMARK [2][-]{subsection.5.3}{\376\377\000C\000o\000m\000p\000a\000r\000i\000s\000o\000n\000\040\000o\000f\000\040\000d\000o\000m\000a\000i\000n\000\040\000s\000i\000z\000e\000\040\0008\000\040\0004\000\040\000w\000i\000t\000h\000\040\0008\000\040\0002}{section.5}% 33
\BOOKMARK [1][-]{section.6}{\376\377\000I\000n\000f\000l\000u\000e\000n\000c\000e\000\040\000o\000f\000\040\000G\000r\000i\000d\000\040\000R\000e\000s\000o\000l\000u\000t\000i\000o\000n\000:\000\040\000=\0001\000/\0003\0002\000\040\000V\000S\000.\000\040\000=\0001\000/\0001\0006}{}% 34
\BOOKMARK [2][-]{subsection.6.1}{\376\377\000=\0001\000/\0003\0002\000\040\000V\000S\000.\000\040\000=\0001\000/\0001\0006\000\040\000a\000t\000\040\000d\000i\000f\000f\000e\000r\000e\000n\000t\000\040\000t\000i\000m\000e\000\040}{section.6}% 35
\BOOKMARK [3][-]{subsubsection.6.1.1}{\376\377\000t\000=\0005\0000}{subsection.6.1}% 36
\BOOKMARK [3][-]{subsubsection.6.1.2}{\376\377\000t\000=\0001\0000\0000}{subsection.6.1}% 37
\BOOKMARK [2][-]{subsection.6.2}{\376\377\000D\000r\000a\000g\000\040\000\050\000c\000D\000\051\000\040\000a\000n\000d\000\040\000L\000i\000f\000t\000\040\000\050\000c\000L\000\051\000\040\000c\000o\000e\000f\000f\000i\000c\000i\000e\000n\000t\000\051}{section.6}% 38
\BOOKMARK [3][-]{subsubsection.6.2.1}{\376\377\000V\000o\000r\000t\000e\000x\000\040\000S\000h\000e\000d\000d\000i\000n\000g\000\040\000f\000r\000e\000q\000u\000e\000n\000c\000y}{subsection.6.2}% 39
\BOOKMARK [2][-]{subsection.6.3}{\376\377\000R\000e\000s\000u\000l\000t\000\040\000c\000o\000m\000p\000a\000r\000i\000s\000o\000n\000\040\000o\000f\000\040\000g\000r\000i\000d\000\040\000r\000e\000s\000o\000l\000u\000t\000i\000o\000n\000:\000\040\0001\000/\0003\0002\000\040\000a\000n\000d\000\040\0001\000/\0001\0006}{section.6}% 40
\BOOKMARK [1][-]{section.7}{\376\377\000R\000e\000=\0003\0000\0000\000\040\000R\000e\000s\000u\000l\000t}{}% 41
\BOOKMARK [2][-]{subsection.7.1}{\376\377\000R\000e\000=\0003\0000\0000\000\040\000V\000S\000.\000\040\000R\000e\000=\0001\0005\0000\000\040\000a\000t\000\040\000d\000i\000f\000f\000e\000r\000e\000n\000t\000\040\000t\000i\000m\000e\000\040}{section.7}% 42
\BOOKMARK [3][-]{subsubsection.7.1.1}{\376\377\000t\000=\0005\0000}{subsection.7.1}% 43
\BOOKMARK [3][-]{subsubsection.7.1.2}{\376\377\000t\000=\0001\0000\0000}{subsection.7.1}% 44
\BOOKMARK [2][-]{subsection.7.2}{\376\377\000R\000e\000=\0003\0000\0000\000\040\000R\000e\000s\000u\000l\000t\000\040\000V\000a\000l\000u\000e\000\040\000a\000n\000d\000\040\000C\000o\000m\000p\000a\000r\000i\000s\000o\000n}{section.7}% 45
\BOOKMARK [3][-]{subsubsection.7.2.1}{\376\377\000D\000r\000a\000g\000\040\000\050\000c\000D\000\051\000\040\000a\000n\000d\000\040\000L\000i\000f\000t\000\040\000\050\000c\000L\000\051\000\040\000c\000o\000e\000f\000f\000i\000c\000i\000e\000n\000t}{subsection.7.2}% 46
\BOOKMARK [3][-]{subsubsection.7.2.2}{\376\377\000V\000o\000r\000t\000e\000x\000\040\000S\000h\000e\000d\000d\000i\000n\000g\000\040\000f\000r\000e\000q\000u\000e\000n\000c\000y}{subsection.7.2}% 47
\BOOKMARK [3][-]{subsubsection.7.2.3}{\376\377\000R\000e\000s\000u\000l\000t\000\040\000v\000a\000l\000u\000e\000\040\000c\000o\000m\000p\000a\000r\000e\000\040\000w\000i\000t\000h\000\040\000l\000i\000t\000e\000r\000a\000t\000u\000r\000e}{subsection.7.2}% 48
\BOOKMARK [1][-]{section.8}{\376\377\000R\000e\000=\0001\0000\0000\0000\000\040\000R\000e\000s\000u\000l\000t}{}% 49
\BOOKMARK [2][-]{subsection.8.1}{\376\377\000R\000e\000=\0001\0000\0000\0000\000\040\000V\000S\000.\000\040\000R\000e\000=\0001\0005\0000\000\040\000a\000t\000\040\000d\000i\000f\000f\000e\000r\000e\000n\000t\000\040\000t\000i\000m\000e\000\040}{section.8}% 50
\BOOKMARK [3][-]{subsubsection.8.1.1}{\376\377\000t\000=\0005\0000}{subsection.8.1}% 51
\BOOKMARK [3][-]{subsubsection.8.1.2}{\376\377\000t\000=\0001\0000\0000}{subsection.8.1}% 52
\BOOKMARK [2][-]{subsection.8.2}{\376\377\000R\000e\000=\0001\0000\0000\0000\000\040\000R\000e\000s\000u\000l\000t\000\040\000V\000a\000l\000u\000e\000\040\000a\000n\000d\000\040\000C\000o\000m\000p\000a\000r\000i\000s\000o\000n}{section.8}% 53
\BOOKMARK [3][-]{subsubsection.8.2.1}{\376\377\000D\000r\000a\000g\000\040\000\050\000c\000D\000\051\000\040\000a\000n\000d\000\040\000L\000i\000f\000t\000\040\000\050\000c\000L\000\051\000\040\000c\000o\000e\000f\000f\000i\000c\000i\000e\000n\000t}{subsection.8.2}% 54
\BOOKMARK [3][-]{subsubsection.8.2.2}{\376\377\000V\000o\000r\000t\000e\000x\000\040\000S\000h\000e\000d\000d\000i\000n\000g\000\040\000f\000r\000e\000q\000u\000e\000n\000c\000y}{subsection.8.2}% 55
\BOOKMARK [3][-]{subsubsection.8.2.3}{\376\377\000R\000e\000s\000u\000l\000t\000\040\000v\000a\000l\000u\000e\000\040\000c\000o\000m\000p\000a\000r\000e\000\040\000w\000i\000t\000h\000\040\000l\000i\000t\000e\000r\000a\000t\000u\000r\000e}{subsection.8.2}% 56
\BOOKMARK [2][-]{subsection.8.3}{\376\377\000C\000o\000m\000p\000a\000r\000i\000s\000o\000n\000\040\000a\000n\000d\000\040\000d\000i\000s\000c\000u\000s\000s\000i\000o\000n\000\040\000o\000f\000\040\000R\000e\000\040\000n\000u\000m\000b\000e\000r\000\040\000e\000f\000f\000e\000c\000t\000\040\000o\000n\000\040\000r\000e\000s\000u\000l\000t}{section.8}% 57
\BOOKMARK [3][-]{subsubsection.8.3.1}{\376\377\000C\000D\000\040\000a\000n\000d\000\040\000C\000L\000\040\000\040\000c\000o\000m\000p\000a\000r\000i\000s\000o\000n}{subsection.8.3}% 58
\BOOKMARK [3][-]{subsubsection.8.3.2}{\376\377\000C\000o\000m\000p\000a\000r\000i\000s\000o\000n\000\040\000a\000m\000o\000n\000g\000\040\000t\000i\000m\000e}{subsection.8.3}% 59
\BOOKMARK [1][-]{section.9}{\376\377\000R\000e\000=\0003\0000\0000\000,\000\040\000E\000l\000l\000i\000p\000t\000i\000c\000\040\000c\000y\000l\000i\000n\000d\000e\000r}{}% 60
\BOOKMARK [2][-]{subsection.9.1}{\376\377\000E\000l\000l\000i\000p\000t\000i\000c\000\040\000S\000e\000t\000t\000i\000n\000g}{section.9}% 61
\BOOKMARK [2][-]{subsection.9.2}{\376\377\000t\000=\0005\0000\000\040\000a\000n\000d\000\040\000t\000=\0001\0000\0000}{section.9}% 62
\BOOKMARK [3][-]{subsubsection.9.2.1}{\376\377\000C\000o\000m\000p\000a\000r\000i\000s\000o\000n\000\040\000a\000m\000o\000n\000g\000\040\000t\000i\000m\000e\000\040\000\050\000t\000=\0005\000,\000\040\0001\0000\000,\000\040\0005\0000\000,\000\040\0001\0000\0000\000\051}{subsection.9.2}% 63
\BOOKMARK [2][-]{subsection.9.3}{\376\377\000E\000l\000l\000i\000p\000t\000i\000c\000\040\000R\000e\000s\000u\000l\000t\000\040\000V\000a\000l\000u\000e\000\040\000a\000n\000d\000\040\000C\000o\000m\000p\000a\000r\000i\000s\000o\000n}{section.9}% 64
\BOOKMARK [3][-]{subsubsection.9.3.1}{\376\377\000D\000r\000a\000g\000\040\000\050\000c\000D\000\051\000\040\000a\000n\000d\000\040\000L\000i\000f\000t\000\040\000\050\000c\000L\000\051\000\040\000c\000o\000e\000f\000f\000i\000c\000i\000e\000n\000t}{subsection.9.3}% 65
\BOOKMARK [3][-]{subsubsection.9.3.2}{\376\377\000V\000o\000r\000t\000e\000x\000\040\000S\000h\000e\000d\000d\000i\000n\000g\000\040\000f\000r\000e\000q\000u\000e\000n\000c\000y}{subsection.9.3}% 66
\BOOKMARK [1][-]{section.10}{\376\377\000D\000i\000s\000c\000u\000s\000s\000i\000o\000n\000\040\000a\000n\000d\000\040\000C\000o\000n\000c\000l\000u\000s\000i\000o\000n}{}% 67
\BOOKMARK [2][-]{subsection.10.1}{\376\377\000R\000e\000v\000i\000e\000w\000\040\000o\000f\000\040\000t\000h\000e\000\040\000r\000e\000s\000u\000l\000t}{section.10}% 68
\BOOKMARK [3][-]{subsubsection.10.1.1}{\376\377\000R\000e\000=\0001\0005\0000\000,\000\040\000d\000o\000m\000a\000i\000n\000\040\000s\000i\000z\000e\000=\000\040\0008\000\040\0004\000,\000\040\000g\000r\000i\000d\000\040\000r\000e\000s\000o\000l\000u\000t\000i\000o\000n\000\040\000=\000\040\0001\000/\0003\0002}{subsection.10.1}% 69
\BOOKMARK [3][-]{subsubsection.10.1.2}{\376\377\000R\000e\000=\0001\0005\0000\000,\000\040\000d\000o\000m\000a\000i\000n\000\040\000s\000i\000z\000e\000=\000\040\0008\000\040\0002\000,\000\040\000g\000r\000i\000d\000\040\000r\000e\000s\000o\000l\000u\000t\000i\000o\000n\000\040\000=\000\040\0001\000/\0003\0002}{subsection.10.1}% 70
\BOOKMARK [3][-]{subsubsection.10.1.3}{\376\377\000R\000e\000=\0001\0005\0000\000,\000\040\000d\000o\000m\000a\000i\000n\000\040\000s\000i\000z\000e\000=\000\040\0008\000\040\0004\000,\000\040\000g\000r\000i\000d\000\040\000r\000e\000s\000o\000l\000u\000t\000i\000o\000n\000\040\000=\000\040\0001\000/\0001\0006}{subsection.10.1}% 71
\BOOKMARK [3][-]{subsubsection.10.1.4}{\376\377\000R\000e\000=\0003\0000\0000\000,\000\040\000d\000o\000m\000a\000i\000n\000\040\000s\000i\000z\000e\000=\000\040\0008\000\040\0004\000,\000\040\000g\000r\000i\000d\000\040\000r\000e\000s\000o\000l\000u\000t\000i\000o\000n\000\040\000=\000\040\0001\000/\0003\0002}{subsection.10.1}% 72
\BOOKMARK [3][-]{subsubsection.10.1.5}{\376\377\000R\000e\000=\0001\0000\0000\0000\000,\000\040\000d\000o\000m\000a\000i\000n\000\040\000s\000i\000z\000e\000=\000\040\0008\000\040\0004\000,\000\040\000g\000r\000i\000d\000\040\000r\000e\000s\000o\000l\000u\000t\000i\000o\000n\000\040\000=\000\040\0001\000/\0003\0002}{subsection.10.1}% 73
\BOOKMARK [3][-]{subsubsection.10.1.6}{\376\377\000E\000l\000l\000i\000p\000t\000i\000c\000\040\000C\000a\000s\000e\000:\000\040\000R\000e\000=\0003\0000\0000\000,\000\040\000d\000o\000m\000a\000i\000n\000\040\000s\000i\000z\000e\000=\000\040\0008\000\040\0004\000,\000\040\000g\000r\000i\000d\000\040\000r\000e\000s\000o\000l\000u\000t\000i\000o\000n\000\040\000=\000\040\0001\000/\0003\0002}{subsection.10.1}% 74
\BOOKMARK [2][-]{subsection.10.2}{\376\377\000R\000e\000s\000u\000l\000t\000\040\000a\000n\000d\000\040\000O\000b\000s\000e\000r\000v\000a\000t\000i\000o\000n}{section.10}% 75
\BOOKMARK [2][-]{subsection.10.3}{\376\377\000D\000i\000s\000c\000u\000s\000s\000i\000o\000n}{section.10}% 76
\BOOKMARK [2][-]{subsection.10.4}{\376\377\000C\000o\000n\000c\000l\000u\000s\000i\000o\000n}{section.10}% 77
\BOOKMARK [1][-]{subsection.10.4}{\376\377\000A\000p\000p\000e\000n\000d\000i\000x}{}% 78
